#
# A fatal error has been detected by the Java Runtime Environment:
#
#  Internal Error (safepoint.cpp:318), pid=20858, tid=10499
#  guarantee(PageArmed == 0) failed: invariant
#
# JRE version: Java(TM) SE Runtime Environment (7.0_67-b01) (build 1.7.0_67-b01)
# Java VM: Java HotSpot(TM) 64-Bit Server VM (24.65-b04 mixed mode bsd-amd64 compressed oops)
# Failed to write core dump. Core dumps have been disabled. To enable core dumping, try "ulimit -c unlimited" before starting Java again
#
# If you would like to submit a bug report, please visit:
#   http://bugreport.sun.com/bugreport/crash.jsp
#

---------------  T H R E A D  ---------------

Current thread (0x00007f9a22811800):  VMThread [stack: 0x000000010bba4000,0x000000010bca4000] [id=10499]

Stack: [0x000000010bba4000,0x000000010bca4000],  sp=0x000000010bca3990,  free space=1022k
Native frames: (J=compiled Java code, j=interpreted, Vv=VM code, C=native code)
V  [libjvm.dylib+0x52b19d]  VMError::report_and_die()+0x5cd
V  [libjvm.dylib+0x1ecfd5]  report_vm_error(char const*, int, char const*, char const*)+0x54
V  [libjvm.dylib+0x473542]  SafepointSynchronize::begin()+0x2b2
V  [libjvm.dylib+0x530cd9]  VMThread::loop()+0x319
V  [libjvm.dylib+0x53060f]  VMThread::run()+0x79
V  [libjvm.dylib+0x420772]  java_start(Thread*)+0x126
C  [libsystem_pthread.dylib+0x3268]  _pthread_body+0x83
C  [libsystem_pthread.dylib+0x31e5]  _pthread_body+0x0
C  [libsystem_pthread.dylib+0x141d]  thread_start+0xd

VM_Operation (0x00007f9a217162c0): EnableBiasedLocking, mode: async safepoint, requested by thread 0x00007f9a23042000


---------------  P R O C E S S  ---------------

Java Threads: ( => current thread )
  0x00007f9a22878000 JavaThread "Monitor Ctrl-Break" daemon [_thread_in_native, id=18691, stack(0x000000010dd1e000,0x000000010de1e000)]
  0x00007f9a23037000 JavaThread "Service Thread" daemon [_thread_blocked, id=17667, stack(0x000000010dad8000,0x000000010dbd8000)]
  0x00007f9a22839000 JavaThread "C2 CompilerThread1" daemon [_thread_blocked, id=17155, stack(0x000000010d9d5000,0x000000010dad5000)]
  0x00007f9a22818000 JavaThread "C2 CompilerThread0" daemon [_thread_blocked, id=16643, stack(0x000000010d8d2000,0x000000010d9d2000)]
  0x00007f9a2281d000 JavaThread "Signal Dispatcher" daemon [_thread_blocked, id=12303, stack(0x000000010d7cf000,0x000000010d8cf000)]
  0x00007f9a22814800 JavaThread "Finalizer" daemon [_thread_blocked, id=11523, stack(0x000000010bdaa000,0x000000010beaa000)]
  0x00007f9a22814000 JavaThread "Reference Handler" daemon [_thread_blocked, id=11011, stack(0x000000010bca7000,0x000000010bda7000)]
  0x00007f9a2180c800 JavaThread "main" [_thread_in_Java, id=4867, stack(0x000000010128c000,0x000000010138c000)]

Other Threads:
=>0x00007f9a22811800 VMThread [stack: 0x000000010bba4000,0x000000010bca4000] [id=10499]
  0x00007f9a23042000 WatcherThread [stack: 0x000000010dbdb000,0x000000010dcdb000] [id=18179]

VM state:synchronizing (normal execution)

VM Mutex/Monitor currently owned by a thread:  ([mutex/lock_event])
[0x00007f9a21702010] Safepoint_lock - owner thread: 0x00007f9a22811800
[0x00007f9a21702090] Threads_lock - owner thread: 0x00007f9a22811800

Heap
 PSYoungGen      total 38912K, used 7452K [0x00000007d5500000, 0x00000007d8000000, 0x0000000800000000)
  eden space 33792K, 22% used [0x00000007d5500000,0x00000007d5c47048,0x00000007d7600000)
  from space 5120K, 0% used [0x00000007d7b00000,0x00000007d7b00000,0x00000007d8000000)
  to   space 5120K, 0% used [0x00000007d7600000,0x00000007d7600000,0x00000007d7b00000)
 ParOldGen       total 87040K, used 0K [0x0000000780000000, 0x0000000785500000, 0x00000007d5500000)
  object space 87040K, 0% used [0x0000000780000000,0x0000000780000000,0x0000000785500000)
 PSPermGen       total 21504K, used 4726K [0x000000077ae00000, 0x000000077c300000, 0x0000000780000000)
  object space 21504K, 21% used [0x000000077ae00000,0x000000077b29da10,0x000000077c300000)

Card table byte_map: [0x000000010571f000,0x0000000105b49000] byte_map_base: 0x0000000101b48000

Polling page: 0x00000001013cb000

Code Cache  [0x000000010265f000, 0x00000001028cf000, 0x000000010565f000)
 total_blobs=230 nmethods=18 adapters=167 free_code_cache=48723Kb largest_free_block=49872000

Compilation events (10 events):
Event: 0.404 Thread 0x00007f9a22818000   14             sun.net.www.ParseUtil::encodePath (336 bytes)
Event: 0.419 Thread 0x00007f9a22839000   15             java.lang.Math::min (11 bytes)
Event: 0.420 Thread 0x00007f9a22839000 nmethod 15 0x00000001026c2dd0 code [0x00000001026c2f00, 0x00000001026c2f38]
Event: 0.424 Thread 0x00007f9a22818000 nmethod 14 0x00000001026cc390 code [0x00000001026cc5e0, 0x00000001026cd678]
Event: 0.451 Thread 0x00007f9a22839000   16             java.lang.String::length (6 bytes)
Event: 0.452 Thread 0x00007f9a22839000 nmethod 16 0x00000001026c6a50 code [0x00000001026c6b80, 0x00000001026c6bf8]
Event: 0.477 Thread 0x00007f9a22818000   17             java.io.DataOutputStream::writeUTF (435 bytes)
Event: 0.486 Thread 0x00007f9a22839000   18 %           CodeWars.Suite::going @ 15 (60 bytes)
Event: 0.489 Thread 0x00007f9a22839000 nmethod 18% 0x00000001026cbf10 code [0x00000001026cc080, 0x00000001026cc2f8]
Event: 0.502 Thread 0x00007f9a22818000 nmethod 17 0x00000001026ce050 code [0x00000001026ce1e0, 0x00000001026ceea8]

GC Heap History (0 events):
No events

Deoptimization events (0 events):
No events

Internal exceptions (10 events):
Event: 0.478 Thread 0x00007f9a2180c800 Threw 0x00000007d5bb7a38 at /HUDSON/workspace/7u-2-build-macosx-x86_64/jdk7u67/1368/hotspot/src/share/vm/prims/jvm.cpp:1244
Event: 0.479 Thread 0x00007f9a2180c800 Threw 0x00000007d5bbfd20 at /HUDSON/workspace/7u-2-build-macosx-x86_64/jdk7u67/1368/hotspot/src/share/vm/prims/jvm.cpp:1244
Event: 0.480 Thread 0x00007f9a2180c800 Threw 0x00000007d5bc6e58 at /HUDSON/workspace/7u-2-build-macosx-x86_64/jdk7u67/1368/hotspot/src/share/vm/prims/jvm.cpp:1244
Event: 0.481 Thread 0x00007f9a2180c800 Threw 0x00000007d5bcba50 at /HUDSON/workspace/7u-2-build-macosx-x86_64/jdk7u67/1368/hotspot/src/share/vm/prims/jvm.cpp:1244
Event: 0.481 Thread 0x00007f9a2180c800 Threw 0x00000007d5bd1800 at /HUDSON/workspace/7u-2-build-macosx-x86_64/jdk7u67/1368/hotspot/src/share/vm/prims/jvm.cpp:1244
Event: 0.482 Thread 0x00007f9a2180c800 Threw 0x00000007d5bd7ab8 at /HUDSON/workspace/7u-2-build-macosx-x86_64/jdk7u67/1368/hotspot/src/share/vm/prims/jvm.cpp:1244
Event: 0.483 Thread 0x00007f9a2180c800 Threw 0x00000007d5bde008 at /HUDSON/workspace/7u-2-build-macosx-x86_64/jdk7u67/1368/hotspot/src/share/vm/prims/jvm.cpp:1244
Event: 0.484 Thread 0x00007f9a2180c800 Threw 0x00000007d5be3098 at /HUDSON/workspace/7u-2-build-macosx-x86_64/jdk7u67/1368/hotspot/src/share/vm/prims/jvm.cpp:1244
Event: 0.484 Thread 0x00007f9a2180c800 Threw 0x00000007d5bea110 at /HUDSON/workspace/7u-2-build-macosx-x86_64/jdk7u67/1368/hotspot/src/share/vm/prims/jvm.cpp:1244
Event: 0.485 Thread 0x00007f9a2180c800 Threw 0x00000007d5befec0 at /HUDSON/workspace/7u-2-build-macosx-x86_64/jdk7u67/1368/hotspot/src/share/vm/prims/jvm.cpp:1244

Events (10 events):
Event: 0.482 loading class 0x00007f9a215256c0 done
Event: 0.483 loading class 0x00007f9a21712d30
Event: 0.483 loading class 0x00007f9a21712d30 done
Event: 0.483 loading class 0x00007f9a21524090
Event: 0.483 loading class 0x00007f9a21524090 done
Event: 0.484 loading class 0x00007f9a21524ee0
Event: 0.484 loading class 0x00007f9a21524ee0 done
Event: 0.485 loading class 0x00007f9a2142df60
Event: 0.485 loading class 0x00007f9a2142df60 done
Event: 4.199 Executing VM operation: EnableBiasedLocking


Dynamic libraries:
0x0000000009bdf000 	/System/Library/Frameworks/Cocoa.framework/Versions/A/Cocoa
0x0000000009bdf000 	/System/Library/Frameworks/Security.framework/Versions/A/Security
0x0000000009bdf000 	/System/Library/Frameworks/ApplicationServices.framework/Versions/A/ApplicationServices
0x0000000009bdf000 	/usr/lib/libz.1.dylib
0x0000000009bdf000 	/usr/lib/libSystem.B.dylib
0x0000000009bdf000 	/usr/lib/libobjc.A.dylib
0x0000000009bdf000 	/System/Library/Frameworks/CoreFoundation.framework/Versions/A/CoreFoundation
0x0000000009bdf000 	/System/Library/Frameworks/Foundation.framework/Versions/C/Foundation
0x0000000009bdf000 	/System/Library/Frameworks/AppKit.framework/Versions/C/AppKit
0x0000000009bdf000 	/System/Library/Frameworks/CoreData.framework/Versions/A/CoreData
0x0000000009bdf000 	/System/Library/PrivateFrameworks/RemoteViewServices.framework/Versions/A/RemoteViewServices
0x0000000009bdf000 	/System/Library/PrivateFrameworks/UIFoundation.framework/Versions/A/UIFoundation
0x0000000009bdf000 	/System/Library/Frameworks/IOSurface.framework/Versions/A/IOSurface
0x0000000009bdf000 	/System/Library/Frameworks/AudioToolbox.framework/Versions/A/AudioToolbox
0x0000000009bdf000 	/System/Library/Frameworks/AudioUnit.framework/Versions/A/AudioUnit
0x0000000009bdf000 	/System/Library/PrivateFrameworks/DataDetectorsCore.framework/Versions/A/DataDetectorsCore
0x0000000009bdf000 	/System/Library/PrivateFrameworks/DesktopServicesPriv.framework/Versions/A/DesktopServicesPriv
0x0000000009bdf000 	/System/Library/Frameworks/Carbon.framework/Versions/A/Frameworks/HIToolbox.framework/Versions/A/HIToolbox
0x0000000009bdf000 	/System/Library/Frameworks/QuartzCore.framework/Versions/A/QuartzCore
0x0000000009bdf000 	/System/Library/Frameworks/Carbon.framework/Versions/A/Frameworks/SpeechRecognition.framework/Versions/A/SpeechRecognition
0x0000000009bdf000 	/usr/lib/libauto.dylib
0x0000000009bdf000 	/usr/lib/libicucore.A.dylib
0x0000000009bdf000 	/usr/lib/libxml2.2.dylib
0x0000000009bdf000 	/System/Library/PrivateFrameworks/CoreUI.framework/Versions/A/CoreUI
0x0000000009bdf000 	/System/Library/Frameworks/CoreAudio.framework/Versions/A/CoreAudio
0x0000000009bdf000 	/System/Library/Frameworks/DiskArbitration.framework/Versions/A/DiskArbitration
0x0000000009bdf000 	/usr/lib/liblangid.dylib
0x0000000009bdf000 	/System/Library/PrivateFrameworks/MultitouchSupport.framework/Versions/A/MultitouchSupport
0x0000000009bdf000 	/System/Library/Frameworks/IOKit.framework/Versions/A/IOKit
0x0000000009bdf000 	/usr/lib/libDiagnosticMessagesClient.dylib
0x0000000009bdf000 	/System/Library/Frameworks/CoreServices.framework/Versions/A/CoreServices
0x0000000009bdf000 	/System/Library/PrivateFrameworks/PerformanceAnalysis.framework/Versions/A/PerformanceAnalysis
0x0000000009bdf000 	/System/Library/PrivateFrameworks/GenerationalStorage.framework/Versions/A/GenerationalStorage
0x0000000009bdf000 	/System/Library/Frameworks/OpenGL.framework/Versions/A/OpenGL
0x0000000009bdf000 	/System/Library/PrivateFrameworks/Sharing.framework/Versions/A/Sharing
0x0000000009bdf000 	/System/Library/Frameworks/CoreGraphics.framework/Versions/A/CoreGraphics
0x0000000009bdf000 	/System/Library/Frameworks/CoreText.framework/Versions/A/CoreText
0x0000000009bdf000 	/System/Library/Frameworks/ImageIO.framework/Versions/A/ImageIO
0x0000000009bdf000 	/usr/lib/libextension.dylib
0x0000000009bdf000 	/System/Library/PrivateFrameworks/Backup.framework/Versions/A/Backup
0x0000000009bdf000 	/usr/lib/libarchive.2.dylib
0x0000000009bdf000 	/System/Library/Frameworks/CFNetwork.framework/Versions/A/CFNetwork
0x0000000009bdf000 	/System/Library/Frameworks/SystemConfiguration.framework/Versions/A/SystemConfiguration
0x0000000009bdf000 	/usr/lib/libCRFSuite.dylib
0x0000000009bdf000 	/usr/lib/libc++.1.dylib
0x0000000009bdf000 	/usr/lib/libc++abi.dylib
0x0000000009bdf000 	/usr/lib/system/libcache.dylib
0x0000000009bdf000 	/usr/lib/system/libcommonCrypto.dylib
0x0000000009bdf000 	/usr/lib/system/libcompiler_rt.dylib
0x0000000009bdf000 	/usr/lib/system/libcopyfile.dylib
0x0000000009bdf000 	/usr/lib/system/libcorecrypto.dylib
0x0000000009bdf000 	/usr/lib/system/libdispatch.dylib
0x0000000009bdf000 	/usr/lib/system/libdyld.dylib
0x0000000009bdf000 	/usr/lib/system/libkeymgr.dylib
0x0000000009bdf000 	/usr/lib/system/liblaunch.dylib
0x0000000009bdf000 	/usr/lib/system/libmacho.dylib
0x0000000009bdf000 	/usr/lib/system/libquarantine.dylib
0x0000000009bdf000 	/usr/lib/system/libremovefile.dylib
0x0000000009bdf000 	/usr/lib/system/libsystem_asl.dylib
0x0000000009bdf000 	/usr/lib/system/libsystem_blocks.dylib
0x0000000009bdf000 	/usr/lib/system/libsystem_c.dylib
0x0000000009bdf000 	/usr/lib/system/libsystem_configuration.dylib
0x0000000009bdf000 	/usr/lib/system/libsystem_coreservices.dylib
0x0000000009bdf000 	/usr/lib/system/libsystem_coretls.dylib
0x0000000009bdf000 	/usr/lib/system/libsystem_dnssd.dylib
0x0000000009bdf000 	/usr/lib/system/libsystem_info.dylib
0x0000000009bdf000 	/usr/lib/system/libsystem_kernel.dylib
0x0000000009bdf000 	/usr/lib/system/libsystem_m.dylib
0x0000000009bdf000 	/usr/lib/system/libsystem_malloc.dylib
0x0000000009bdf000 	/usr/lib/system/libsystem_network.dylib
0x0000000009bdf000 	/usr/lib/system/libsystem_networkextension.dylib
0x0000000009bdf000 	/usr/lib/system/libsystem_notify.dylib
0x0000000009bdf000 	/usr/lib/system/libsystem_platform.dylib
0x0000000009bdf000 	/usr/lib/system/libsystem_pthread.dylib
0x0000000009bdf000 	/usr/lib/system/libsystem_sandbox.dylib
0x0000000009bdf000 	/usr/lib/system/libsystem_secinit.dylib
0x0000000009bdf000 	/usr/lib/system/libsystem_stats.dylib
0x0000000009bdf000 	/usr/lib/system/libsystem_trace.dylib
0x0000000009bdf000 	/usr/lib/system/libunc.dylib
0x0000000009bdf000 	/usr/lib/system/libunwind.dylib
0x0000000009bdf000 	/usr/lib/system/libxpc.dylib
0x0000000009bdf000 	/usr/lib/libbz2.1.0.dylib
0x0000000009bdf000 	/usr/lib/liblzma.5.dylib
0x0000000009bdf000 	/usr/lib/libbsm.0.dylib
0x0000000009bdf000 	/usr/lib/libsqlite3.dylib
0x0000000009bdf000 	/usr/lib/system/libkxld.dylib
0x0000000009bdf000 	/usr/lib/libxar.1.dylib
0x0000000009bdf000 	/usr/lib/libpam.2.dylib
0x0000000009bdf000 	/usr/lib/libOpenScriptingUtil.dylib
0x0000000009bdf000 	/System/Library/Frameworks/CoreServices.framework/Versions/A/Frameworks/FSEvents.framework/Versions/A/FSEvents
0x0000000009bdf000 	/System/Library/Frameworks/CoreServices.framework/Versions/A/Frameworks/CarbonCore.framework/Versions/A/CarbonCore
0x0000000009bdf000 	/System/Library/Frameworks/CoreServices.framework/Versions/A/Frameworks/Metadata.framework/Versions/A/Metadata
0x0000000009bdf000 	/System/Library/Frameworks/CoreServices.framework/Versions/A/Frameworks/OSServices.framework/Versions/A/OSServices
0x0000000009bdf000 	/System/Library/Frameworks/CoreServices.framework/Versions/A/Frameworks/SearchKit.framework/Versions/A/SearchKit
0x0000000009bdf000 	/System/Library/Frameworks/CoreServices.framework/Versions/A/Frameworks/AE.framework/Versions/A/AE
0x0000000009bdf000 	/System/Library/Frameworks/CoreServices.framework/Versions/A/Frameworks/LaunchServices.framework/Versions/A/LaunchServices
0x0000000009bdf000 	/System/Library/Frameworks/CoreServices.framework/Versions/A/Frameworks/DictionaryServices.framework/Versions/A/DictionaryServices
0x0000000009bdf000 	/System/Library/Frameworks/NetFS.framework/Versions/A/NetFS
0x0000000009bdf000 	/System/Library/PrivateFrameworks/NetAuth.framework/Versions/A/NetAuth
0x0000000009bdf000 	/System/Library/PrivateFrameworks/login.framework/Versions/A/Frameworks/loginsupport.framework/Versions/A/loginsupport
0x0000000009bdf000 	/System/Library/PrivateFrameworks/TCC.framework/Versions/A/TCC
0x0000000009bdf000 	/usr/lib/libmecabra.dylib
0x0000000009bdf000 	/System/Library/Frameworks/ApplicationServices.framework/Versions/A/Frameworks/ATS.framework/Versions/A/ATS
0x0000000009bdf000 	/System/Library/Frameworks/ApplicationServices.framework/Versions/A/Frameworks/ColorSync.framework/Versions/A/ColorSync
0x0000000009bdf000 	/System/Library/Frameworks/ApplicationServices.framework/Versions/A/Frameworks/HIServices.framework/Versions/A/HIServices
0x0000000009bdf000 	/System/Library/Frameworks/ApplicationServices.framework/Versions/A/Frameworks/LangAnalysis.framework/Versions/A/LangAnalysis
0x0000000009bdf000 	/System/Library/Frameworks/ApplicationServices.framework/Versions/A/Frameworks/PrintCore.framework/Versions/A/PrintCore
0x0000000009bdf000 	/System/Library/Frameworks/ApplicationServices.framework/Versions/A/Frameworks/QD.framework/Versions/A/QD
0x0000000009bdf000 	/System/Library/Frameworks/ApplicationServices.framework/Versions/A/Frameworks/SpeechSynthesis.framework/Versions/A/SpeechSynthesis
0x0000000009bdf000 	/System/Library/Frameworks/Accelerate.framework/Versions/A/Accelerate
0x0000000009bdf000 	/System/Library/Frameworks/Accelerate.framework/Versions/A/Frameworks/vImage.framework/Versions/A/vImage
0x0000000009bdf000 	/System/Library/Frameworks/Accelerate.framework/Versions/A/Frameworks/vecLib.framework/Versions/A/vecLib
0x0000000009bdf000 	/System/Library/Frameworks/Accelerate.framework/Versions/A/Frameworks/vecLib.framework/Versions/A/libvDSP.dylib
0x0000000009bdf000 	/System/Library/Frameworks/Accelerate.framework/Versions/A/Frameworks/vecLib.framework/Versions/A/libvMisc.dylib
0x0000000009bdf000 	/System/Library/Frameworks/Accelerate.framework/Versions/A/Frameworks/vecLib.framework/Versions/A/libLAPACK.dylib
0x0000000009bdf000 	/System/Library/Frameworks/Accelerate.framework/Versions/A/Frameworks/vecLib.framework/Versions/A/libBLAS.dylib
0x0000000009bdf000 	/System/Library/Frameworks/Accelerate.framework/Versions/A/Frameworks/vecLib.framework/Versions/A/libLinearAlgebra.dylib
0x0000000009bdf000 	/System/Library/Frameworks/ApplicationServices.framework/Versions/A/Frameworks/ATS.framework/Versions/A/Resources/libFontParser.dylib
0x0000000009bdf000 	/System/Library/Frameworks/ApplicationServices.framework/Versions/A/Frameworks/ATS.framework/Versions/A/Resources/libFontRegistry.dylib
0x0000000009bdf000 	/System/Library/PrivateFrameworks/AppleVPA.framework/Versions/A/AppleVPA
0x0000000009bdf000 	/System/Library/PrivateFrameworks/AppleJPEG.framework/Versions/A/AppleJPEG
0x0000000009bdf000 	/System/Library/Frameworks/ImageIO.framework/Versions/A/Resources/libJPEG.dylib
0x0000000009bdf000 	/System/Library/Frameworks/ImageIO.framework/Versions/A/Resources/libTIFF.dylib
0x0000000009bdf000 	/System/Library/Frameworks/ImageIO.framework/Versions/A/Resources/libPng.dylib
0x0000000009bdf000 	/System/Library/Frameworks/ImageIO.framework/Versions/A/Resources/libGIF.dylib
0x0000000009bdf000 	/System/Library/Frameworks/ImageIO.framework/Versions/A/Resources/libJP2.dylib
0x0000000009bdf000 	/System/Library/Frameworks/ImageIO.framework/Versions/A/Resources/libRadiance.dylib
0x0000000009bdf000 	/System/Library/Frameworks/CoreVideo.framework/Versions/A/CoreVideo
0x0000000009bdf000 	/System/Library/Frameworks/OpenGL.framework/Versions/A/Libraries/libGLU.dylib
0x0000000009bdf000 	/System/Library/Frameworks/OpenGL.framework/Versions/A/Libraries/libGFXShared.dylib
0x0000000009bdf000 	/System/Library/Frameworks/OpenGL.framework/Versions/A/Libraries/libGL.dylib
0x0000000009bdf000 	/System/Library/Frameworks/OpenGL.framework/Versions/A/Libraries/libGLImage.dylib
0x0000000009bdf000 	/System/Library/Frameworks/OpenGL.framework/Versions/A/Libraries/libCVMSPluginSupport.dylib
0x0000000009bdf000 	/System/Library/Frameworks/OpenGL.framework/Versions/A/Libraries/libCoreVMClient.dylib
0x0000000009bdf000 	/usr/lib/libcups.2.dylib
0x0000000009bdf000 	/System/Library/Frameworks/Kerberos.framework/Versions/A/Kerberos
0x0000000009bdf000 	/System/Library/Frameworks/GSS.framework/Versions/A/GSS
0x0000000009bdf000 	/usr/lib/libresolv.9.dylib
0x0000000009bdf000 	/usr/lib/libiconv.2.dylib
0x0000000009bdf000 	/System/Library/PrivateFrameworks/Heimdal.framework/Versions/A/Heimdal
0x0000000009bdf000 	/usr/lib/libheimdal-asn1.dylib
0x0000000009bdf000 	/System/Library/Frameworks/OpenDirectory.framework/Versions/A/OpenDirectory
0x0000000009bdf000 	/System/Library/PrivateFrameworks/CommonAuth.framework/Versions/A/CommonAuth
0x0000000009bdf000 	/System/Library/Frameworks/OpenDirectory.framework/Versions/A/Frameworks/CFOpenDirectory.framework/Versions/A/CFOpenDirectory
0x0000000009bdf000 	/System/Library/Frameworks/SecurityFoundation.framework/Versions/A/SecurityFoundation
0x0000000009bdf000 	/System/Library/PrivateFrameworks/LanguageModeling.framework/Versions/A/LanguageModeling
0x0000000009bdf000 	/usr/lib/libcmph.dylib
0x0000000009bdf000 	/System/Library/Frameworks/ServiceManagement.framework/Versions/A/ServiceManagement
0x0000000009bdf000 	/usr/lib/libxslt.1.dylib
0x0000000009bdf000 	/System/Library/Frameworks/Carbon.framework/Versions/A/Frameworks/Ink.framework/Versions/A/Ink
0x0000000009bdf000 	/System/Library/Frameworks/QuartzCore.framework/Versions/A/Frameworks/CoreImage.framework/Versions/A/CoreImage
0x0000000009bdf000 	/System/Library/PrivateFrameworks/CrashReporterSupport.framework/Versions/A/CrashReporterSupport
0x0000000009bdf000 	/System/Library/Frameworks/OpenCL.framework/Versions/A/OpenCL
0x0000000009bdf000 	/System/Library/PrivateFrameworks/FaceCore.framework/Versions/A/FaceCore
0x0000000009bdf000 	/System/Library/PrivateFrameworks/Ubiquity.framework/Versions/A/Ubiquity
0x0000000009bdf000 	/System/Library/PrivateFrameworks/IconServices.framework/Versions/A/IconServices
0x0000000009bdf000 	/System/Library/PrivateFrameworks/ChunkingLibrary.framework/Versions/A/ChunkingLibrary
0x0000000009bdf000 	/System/Library/PrivateFrameworks/Apple80211.framework/Versions/A/Apple80211
0x0000000009bdf000 	/System/Library/Frameworks/CoreWLAN.framework/Versions/A/CoreWLAN
0x0000000009bdf000 	/System/Library/Frameworks/IOBluetooth.framework/Versions/A/IOBluetooth
0x0000000009bdf000 	/System/Library/PrivateFrameworks/CoreWiFi.framework/Versions/A/CoreWiFi
0x0000000009bdf000 	/System/Library/Frameworks/CoreBluetooth.framework/Versions/A/CoreBluetooth
0x0000000009bdf000 	/System/Library/PrivateFrameworks/DebugSymbols.framework/Versions/A/DebugSymbols
0x0000000009bdf000 	/System/Library/PrivateFrameworks/CoreSymbolication.framework/Versions/A/CoreSymbolication
0x0000000009bdf000 	/System/Library/PrivateFrameworks/Symbolication.framework/Versions/A/Symbolication
0x0000000009bdf000 	/System/Library/PrivateFrameworks/SpeechRecognitionCore.framework/Versions/A/SpeechRecognitionCore
0x00000001011ae000 	/System/Library/CoreServices/Encodings/libSimplifiedChineseConverter.dylib
0x0000000101c00000 	/Library/Java/JavaVirtualMachines/jdk1.7.0_67.jdk/Contents/Home/jre/lib/server/libjvm.dylib
0x0000000009bdf000 	/usr/lib/libstdc++.6.dylib
0x000000010138e000 	/Library/Java/JavaVirtualMachines/jdk1.7.0_67.jdk/Contents/Home/jre/lib/libverify.dylib
0x000000010139b000 	/Library/Java/JavaVirtualMachines/jdk1.7.0_67.jdk/Contents/Home/jre/lib/libjava.dylib
0x00000001013d5000 	/Library/Java/JavaVirtualMachines/jdk1.7.0_67.jdk/Contents/Home/jre/lib/libzip.dylib
0x000000010beac000 	/System/Library/Frameworks/JavaVM.framework/Frameworks/JavaRuntimeSupport.framework/JavaRuntimeSupport
0x000000010bec4000 	/System/Library/Frameworks/JavaVM.framework/Versions/A/Frameworks/JavaNativeFoundation.framework/Versions/A/JavaNativeFoundation
0x000000010bed9000 	/System/Library/Frameworks/JavaVM.framework/Versions/A/JavaVM
0x0000000009bdf000 	/System/Library/Frameworks/Carbon.framework/Versions/A/Carbon
0x000000010bee6000 	/System/Library/PrivateFrameworks/JavaLaunching.framework/Versions/A/JavaLaunching
0x0000000009bdf000 	/System/Library/Frameworks/Carbon.framework/Versions/A/Frameworks/CommonPanels.framework/Versions/A/CommonPanels
0x0000000009bdf000 	/System/Library/Frameworks/Carbon.framework/Versions/A/Frameworks/Help.framework/Versions/A/Help
0x0000000009bdf000 	/System/Library/Frameworks/Carbon.framework/Versions/A/Frameworks/ImageCapture.framework/Versions/A/ImageCapture
0x0000000009bdf000 	/System/Library/Frameworks/Carbon.framework/Versions/A/Frameworks/OpenScripting.framework/Versions/A/OpenScripting
0x0000000009bdf000 	/System/Library/Frameworks/Carbon.framework/Versions/A/Frameworks/Print.framework/Versions/A/Print
0x0000000009bdf000 	/System/Library/Frameworks/Carbon.framework/Versions/A/Frameworks/SecurityHI.framework/Versions/A/SecurityHI
0x000000010dd1a000 	/Applications/IntelliJ IDEA 15.app/Contents/bin/libbreakgen64.jnilib
0x000000010de22000 	/Library/Java/JavaVirtualMachines/jdk1.7.0_67.jdk/Contents/Home/jre/lib/libnet.dylib

VM Arguments:
jvm_args: -Didea.launcher.port=7542 -Didea.launcher.bin.path=/Applications/IntelliJ IDEA 15.app/Contents/bin -Didea.junit.sm_runner -Dfile.encoding=UTF-8 
java_command: com.intellij.rt.execution.application.AppMain com.intellij.rt.execution.junit.JUnitStarter -ideVersion5 CodeWars.SuiteTest,test6
Launcher Type: SUN_STANDARD

Environment Variables:
JAVA_HOME=/Library/java/JavaVirtualMachines/jdk1.7.0_67.jdk/Contents/Home
CLASSPATH=./:/Library/java/JavaVirtualMachines/jdk1.7.0_67.jdk/Contents/Home/lib/dt.jar:/Library/java/JavaVirtualMachines/jdk1.7.0_67.jdk/Contents/Home/lib/tools.jar
PATH=/usr/local/bin:/usr/bin:/bin:/usr/sbin:/sbin:/usr/local/git/bin:/Users/xiangyu/tools/apache-maven-3.2.3/bin
SHELL=/bin/bash

Signal Handlers:
SIGSEGV: [libjvm.dylib+0x52b6c9], sa_mask[0]=0xfffefeff, sa_flags=0x00000043
SIGBUS: [libjvm.dylib+0x52b6c9], sa_mask[0]=0xfffefeff, sa_flags=0x00000042
SIGFPE: [libjvm.dylib+0x41deaa], sa_mask[0]=0xfffefeff, sa_flags=0x00000042
SIGPIPE: [libjvm.dylib+0x41deaa], sa_mask[0]=0xfffefeff, sa_flags=0x00000042
SIGXFSZ: [libjvm.dylib+0x41deaa], sa_mask[0]=0xfffefeff, sa_flags=0x00000042
SIGILL: [libjvm.dylib+0x41deaa], sa_mask[0]=0xfffefeff, sa_flags=0x00000042
SIGUSR1: SIG_DFL, sa_mask[0]=0x00000000, sa_flags=0x00000000
SIGUSR2: [libjvm.dylib+0x41d99c], sa_mask[0]=0x00000004, sa_flags=0x00000042
SIGHUP: [libjvm.dylib+0x41bc2d], sa_mask[0]=0xfffefeff, sa_flags=0x00000042
SIGINT: [libjvm.dylib+0x41bc2d], sa_mask[0]=0xfffefeff, sa_flags=0x00000042
SIGTERM: [libjvm.dylib+0x41bc2d], sa_mask[0]=0xfffefeff, sa_flags=0x00000042
SIGQUIT: [libjvm.dylib+0x41bc2d], sa_mask[0]=0xfffefeff, sa_flags=0x00000042


---------------  S Y S T E M  ---------------

OS:Bsduname:Darwin 14.3.0 Darwin Kernel Version 14.3.0: Mon Mar 23 11:59:05 PDT 2015; root:xnu-2782.20.48~5/RELEASE_X86_64 x86_64
rlimit: STACK 8192k, CORE 0k, NPROC 709, NOFILE 10240, AS infinity
load average:2.57 3.05 2.73

CPU:total 4 (2 cores per cpu, 2 threads per core) family 6 model 69 stepping 1, cmov, cx8, fxsr, mmx, sse, sse2, sse3, ssse3, sse4.1, sse4.2, popcnt, avx, avx2, aes, erms, ht, tsc, tscinvbit

Memory: 4k page, physical 8388608k(2097152k free)

/proc/meminfo:


vm_info: Java HotSpot(TM) 64-Bit Server VM (24.65-b04) for bsd-amd64 JRE (1.7.0_67-b01), built on Jul 25 2014 08:51:51 by "java_re" with gcc 4.2.1 (Based on Apple Inc. build 5658) (LLVM build 2336.11.00)

time: Tue Mar  1 23:09:27 2016
elapsed time: 526 seconds

